<?xml version="1.0" encoding="UTF-8"?>
<!-- Generated by org.testng.reporters.JUnitReportReporter -->
<testsuite skipped="0" hostname="vicky-PC" name="com.ep.testCases.TC_002_HomePageTest" tests="3" failures="0" timestamp="21 Apr 2020 18:18:26 GMT" time="1.725" errors="0">
  <testcase name="homePageTest" time="0.633" classname="com.ep.testCases.TC_002_HomePageTest"/>
  <testcase name="homePageContentTest" time="0.565" classname="com.ep.testCases.TC_002_HomePageTest"/>
  <testcase name="salesData" time="0.527" classname="com.ep.testCases.TC_002_HomePageTest"/>
</testsuite> <!-- com.ep.testCases.TC_002_HomePageTest -->
