<?xml version="1.0" encoding="UTF-8"?>
<!-- Generated by org.testng.reporters.JUnitReportReporter -->
<testsuite skipped="0" hostname="vicky-PC" name="com.ep.testCases.TC_006_TransactionsStatusesTest" tests="6" failures="0" timestamp="21 Apr 2020 18:18:26 GMT" time="109.447" errors="0">
  <testcase name="openTransactionStatusesPageTest" time="17.281" classname="com.ep.testCases.TC_006_TransactionsStatusesTest"/>
  <testcase name="findIfTransactionTypeExistsTest" time="0.455" classname="com.ep.testCases.TC_006_TransactionsStatusesTest"/>
  <testcase name="createIdType" time="23.712" classname="com.ep.testCases.TC_006_TransactionsStatusesTest"/>
  <testcase name="editIdType" time="19.571" classname="com.ep.testCases.TC_006_TransactionsStatusesTest"/>
  <testcase name="seeDetailsOfTransactionType" time="14.768" classname="com.ep.testCases.TC_006_TransactionsStatusesTest"/>
  <testcase name="deletSetting" time="33.660" classname="com.ep.testCases.TC_006_TransactionsStatusesTest"/>
</testsuite> <!-- com.ep.testCases.TC_006_TransactionsStatusesTest -->
