<?xml version="1.0" encoding="UTF-8"?>
<!-- Generated by org.testng.reporters.JUnitReportReporter -->
<testsuite skipped="0" hostname="vicky-PC" name="com.ep.testCases.TC_004_IdentificationTypesTest" tests="6" failures="0" timestamp="21 Apr 2020 18:18:26 GMT" time="157.667" errors="0">
  <testcase name="openIdTypesPageTest" time="18.332" classname="com.ep.testCases.TC_004_IdentificationTypesTest"/>
  <testcase name="findIfIdTypeExistsTest" time="0.485" classname="com.ep.testCases.TC_004_IdentificationTypesTest"/>
  <testcase name="createIdType" time="19.994" classname="com.ep.testCases.TC_004_IdentificationTypesTest"/>
  <testcase name="editIdType" time="83.019" classname="com.ep.testCases.TC_004_IdentificationTypesTest"/>
  <testcase name="seeDetailsOfIdType" time="16.423" classname="com.ep.testCases.TC_004_IdentificationTypesTest"/>
  <testcase name="deletSetting" time="19.414" classname="com.ep.testCases.TC_004_IdentificationTypesTest"/>
</testsuite> <!-- com.ep.testCases.TC_004_IdentificationTypesTest -->
