<?xml version="1.0" encoding="UTF-8"?>
<!-- Generated by org.testng.reporters.JUnitReportReporter -->
<testsuite skipped="0" hostname="vicky-PC" name="com.ep.testCases.TC_003_SettingsTest" tests="6" failures="0" timestamp="21 Apr 2020 18:18:25 GMT" time="176.311" errors="0">
  <testcase name="opensettingsPageTest" time="31.443" classname="com.ep.testCases.TC_003_SettingsTest"/>
  <testcase name="findIfSettingExistsTest" time="0.596" classname="com.ep.testCases.TC_003_SettingsTest"/>
  <testcase name="createNewSetting" time="28.970" classname="com.ep.testCases.TC_003_SettingsTest"/>
  <testcase name="editSetting" time="38.800" classname="com.ep.testCases.TC_003_SettingsTest"/>
  <testcase name="seeDetailsOfSetting" time="26.889" classname="com.ep.testCases.TC_003_SettingsTest"/>
  <testcase name="deletSetting" time="49.613" classname="com.ep.testCases.TC_003_SettingsTest"/>
</testsuite> <!-- com.ep.testCases.TC_003_SettingsTest -->
