<?xml version="1.0" encoding="UTF-8"?>
<!-- Generated by org.testng.reporters.JUnitReportReporter -->
<testsuite skipped="0" hostname="vicky-PC" name="com.ep.testCases.TC_005_TransactionTypesTest" tests="6" failures="0" timestamp="20 Apr 2020 09:02:22 GMT" time="136.246" errors="0">
  <testcase name="openIdTypesPageTest" time="20.655" classname="com.ep.testCases.TC_005_TransactionTypesTest"/>
  <testcase name="findIfTransactionTypeExistsTest" time="0.676" classname="com.ep.testCases.TC_005_TransactionTypesTest"/>
  <testcase name="createIdType" time="32.176" classname="com.ep.testCases.TC_005_TransactionTypesTest"/>
  <testcase name="editIdType" time="27.821" classname="com.ep.testCases.TC_005_TransactionTypesTest"/>
  <testcase name="seeDetailsOfTransactionType" time="21.318" classname="com.ep.testCases.TC_005_TransactionTypesTest"/>
  <testcase name="deletSetting" time="33.600" classname="com.ep.testCases.TC_005_TransactionTypesTest"/>
</testsuite> <!-- com.ep.testCases.TC_005_TransactionTypesTest -->
